<?xml version="1.0" encoding="UTF-8"?>
<robot generator="Robot 6.0.2 (Python 3.11.3 on win32)" generated="20230612 10:33:08.157" rpa="false" schemaversion="3">
<suite id="s1" name="Rpt" source="C:\Users\amorenog\PycharmProjects\reportPortalProject\tests\rpt.robot">
<test id="s1-t1" name="My Test Case" line="20">
<kw name="Open Browser" library="SeleniumLibrary">
<arg>https://www.google.com</arg>
<arg>chrome</arg>
<doc>Opens a new browser instance to the optional ``url``.</doc>
<msg timestamp="20230612 10:33:09.369" level="INFO">Opening browser 'chrome' to base url 'https://www.google.com'.</msg>
<status status="PASS" starttime="20230612 10:33:09.342" endtime="20230612 10:33:13.976"/>
</kw>
<kw name="Title Should Be" library="SeleniumLibrary">
<arg>Google</arg>
<doc>Verifies that the current page title equals ``title``.</doc>
<msg timestamp="20230612 10:33:14.077" level="INFO">Page title is 'Google'.</msg>
<status status="PASS" starttime="20230612 10:33:14.010" endtime="20230612 10:33:14.078"/>
</kw>
<kw name="Close Browser" library="SeleniumLibrary">
<doc>Closes the current browser.</doc>
<status status="PASS" starttime="20230612 10:33:14.123" endtime="20230612 10:33:16.689"/>
</kw>
<doc>This is my test case</doc>
<tag>MyTag</tag>
<status status="PASS" starttime="20230612 10:33:09.310" endtime="20230612 10:33:16.714"/>
</test>
<doc>My Test Suite</doc>
<status status="PASS" starttime="20230612 10:33:08.685" endtime="20230612 10:33:16.740"/>
</suite>
<statistics>
<total>
<stat pass="1" fail="0" skip="0">All Tests</stat>
</total>
<tag>
<stat pass="1" fail="0" skip="0">MyTag</stat>
</tag>
<suite>
<stat pass="1" fail="0" skip="0" id="s1" name="Rpt">Rpt</stat>
</suite>
</statistics>
<errors>
</errors>
</robot>
